======================================================================
DETECCION DE CONCEPT DRIFT (PSI)
======================================================================

🔧 Calculando features de posición en tabla...
   Procesando 10 temporadas...
   ✅ Features de tabla calculadas: 3410 partidos con posición real

   Calculando features derivadas de cuotas (solo apertura)...
   Features de cuotas derivadas (apertura): 3691 partidos con datos

   Calculando features Asian Handicap (solo apertura)...
   Asian Handicap (apertura): 2266 partidos con datos
   Handicap promedio local: -0.189

🔧 Calculando features multi-escala (window=3/10)...
   ✅ Features multi-escala: 15 columnas agregadas

🔧 Calculando features EWM (span=5)...
   ✅ Features EWM: 12 columnas agregadas

🔧 Features de forma/momentum agregadas: 15 columnas

   Pinnacle Opening agregado: 3630 partidos con datos

🔧 Calculando features de arbitro...
   Arbitro: 50 arbitros distintos, 5 features calculadas
   Calculando Elo ratings...
   Elo: 34 equipos rastreados, rango [1378 - 1664]
   SoR: features agregadas (HT_SoR5 / AT_SoR5)
PSI guardado en resultados\concept_drift_psi.csv
Resumen guardado en resultados\concept_drift_psi.md
