
======================================================================
   PREMIER LEAGUE - MODELO SIN CUOTAS
   (Value Betting puro — cuotas solo como filtro externo)
======================================================================

======================================================================
FASE 1: CARGANDO DATOS - MODELO SIN CUOTAS
======================================================================
   Cargados: 3691 partidos

🔧 Calculando xG rolling...
   ✅ xG rolling agregado: 3657 partidos con datos históricos

🔧 Calculando features de posición en tabla...
   Procesando 10 temporadas...
   ✅ Features de tabla calculadas: 3410 partidos con posición real

🔧 Calculando features multi-escala (window=3/10)...
   ✅ Features multi-escala: 15 columnas agregadas

🔧 Calculando features EWM (span=5)...
   ✅ Features EWM: 12 columnas agregadas

🔧 Features de forma/momentum agregadas: 15 columnas

 Calculando features de descanso / fatiga...
   Descanso: 3541/3691 partidos con datos reales (95.9%)
   Partidos con contexto europeo: 424 (11.5%)

🔧 Calculando features de arbitro...
   Arbitro: 50 arbitros distintos, 5 features calculadas
   Calculando Elo ratings...
   Elo: 34 equipos rastreados, rango [1378 - 1664]
   SoR: features agregadas (HT_SoR5 / AT_SoR5)
   Filtro H2H: 3691 -> 3222 partidos con historial disponible

   Features totales: 102 (SIN cuotas)
   - Base:            10
   - H2H:             5
   - H2H derivadas:   4
   - xG rolling:      6
   - xG Global:       5
   - Multi-escala:    15
   - Tabla:           11
   - Forma/Momentum:  15
   - Referee:         5
   - Descanso/Fatiga: 8

   Distribución de resultados:
   Local: 1431 (44.4%)
   Empate: 744 (23.1%)
   Visitante: 1047 (32.5%)

   División de datos (80/20 temporal)
   Entrenamiento: 2577 partidos
   Prueba:        645 partidos

======================================================================
MODELO 1: RANDOM FOREST BASICO (Baseline)
======================================================================
   Log Loss: 0.9991 | Brier: 0.1990 | F1: 0.4669 | Acc: 53.80% | ROI: -4.44%
   Apuestas: 83 1X2 + 9 DC = 92 total

======================================================================
MODELO 2: RANDOM FOREST BALANCEADO (Auto)
======================================================================
   Log Loss: 0.9921 | Brier: 0.1975 | F1: 0.4888 | Acc: 53.02% | ROI: +29.01%
   Apuestas: 116 1X2 + 21 DC = 137 total

======================================================================
MODELO 3: RANDOM FOREST CON PESOS OPTUNA
======================================================================
   Log Loss: 1.0054 | Brier: 0.2008 | F1: 0.5027 | Acc: 50.85% | ROI: +19.43%
   Apuestas: 184 1X2 + 50 DC = 234 total

======================================================================
MODELO 4: XGBOOST (sin cuotas)
======================================================================
   Early stopping: mejor iteración = 238
   Log Loss: 0.9947 | Brier: 0.1975 | F1: 0.4528 | Acc: 53.18% | ROI: -6.17%
   Apuestas: 72 1X2 + 3 DC = 75 total

======================================================================
FASE 2: COMPARACION DE MODELOS
======================================================================

Modelo                               Log Loss   Brier      F1     Acc      ROI
------------------------------------------------------------------------------
Random Forest Básico                   0.9991  0.1990  0.4669 53.80%  -4.44%
Random Forest Balanceado               0.9921  0.1975  0.4888 53.02% +29.01%
Random Forest Optuna (sin cuotas)      1.0054  0.2008  0.5027 50.85% +19.43%
XGBoost (sin cuotas)                   0.9947  0.1975  0.4528 53.18%  -6.17%

============================================================
GANADOR: Random Forest Balanceado  (Log Loss: 0.9921)
   Brier Score: 0.1975
   F1-Score:    0.4888 (referencia)
   Accuracy:    53.02% (referencia)
   ROI sim.:    +29.01%
============================================================

   REPORTE DETALLADO:
-----------------------------------------------------------------
              precision    recall  f1-score   support

       Local       0.54      0.69      0.61       267
      Empate       0.46      0.10      0.16       159
   Visitante       0.52      0.64      0.58       219

    accuracy                           0.53       645
   macro avg       0.51      0.48      0.45       645
weighted avg       0.52      0.53      0.49       645


======================================================================
CALIBRACION DE PROBABILIDADES (Platt Scaling)
======================================================================

   Modelo ORIGINAL (sin calibrar):
   Log Loss:    0.9921
   Brier Score: 0.1975

   Modelo CALIBRADO (Platt Scaling + TimeSeriesSplit):
   Log Loss:    1.0033
   Brier Score: 0.1995

   COMPARACION:
   Métrica         Original     Calibrado    Cambio      
   --------------------------------------------------
   Log Loss        0.9921       1.0033          -0.0113
   Brier Score     0.1975       0.1995          -0.0020
   F1 (info)       0.4888       0.4586          -0.0302

   Calibración NO mejora probabilidades (Brier +0.0020)
   -> Guardando modelo ORIGINAL

======================================================================
CALIBRACION DE SHRINKAGE (FACTOR_CONSERVADOR)
======================================================================

   Brier Score RAW (sin ajuste):       0.1975

   Shrinkage grid search:
     alpha=0.50  Brier=0.2049
     alpha=0.55  Brier=0.2037
     alpha=0.60  Brier=0.2026
     alpha=0.65  Brier=0.2016
     alpha=0.70  Brier=0.2007
     alpha=0.75  Brier=0.2000
     alpha=0.80  Brier=0.1993
     alpha=0.85  Brier=0.1987
     alpha=0.90  Brier=0.1982
     alpha=0.95  Brier=0.1978
     alpha=1.00  Brier=0.1975 <-- mejor

   Mejor shrinkage: alpha=1.00 -> Brier=0.1975
   Temperature Scaling: T=0.90 -> Brier=0.1972

   -> Temperature Scaling es mejor (T=0.90)

======================================================================
EVALUACION CON VALUE BETTING (cuotas como filtro externo)
======================================================================

   ROI SIMULADO POR UMBRAL DE EDGE (apuesta fija de 1 unidad):
Umbral     Apuestas     Accuracy     ROI       
--------------------------------------------------
  0.0%           645       27.3%      -3.7%
  3.0%           551       27.0%      -2.0%
  5.0%           439       28.2%       2.9%
  8.0%           253       32.4%      16.3%
 10.0%           169       34.3%      28.2%

   DOBLE OPORTUNIDAD (fallback cuando no hay edge 1X2):
Umbral 1X2   Sin edge   DC bets    Acc DC     ROI DC    
-------------------------------------------------------
  0.0%             0         0       N/A       N/A
  3.0%            94         0       N/A       N/A
  5.0%           206         0       N/A       N/A
  8.0%           392         1      0.0%    -100.0%
 10.0%           476        10     50.0%      33.4%

   INTERPRETACION:
   - Edge = modelo ve valor que el mercado NO vio (sin haberlo consultado)
   - Edge >5%  -> apuestas con buena probabilidad
   - Edge >8%  -> apuestas con alta confianza
   - ROI >0%   -> estrategia rentable a largo plazo
   - DC fallback: captura valor residual cuando 1X2 no tiene edge

   RECOMENDACION: usar edge >5% 1X2, fallback DC con edge >15%

======================================================================
WALK-FORWARD TEMPORAL (season-by-season)
======================================================================
   Temporadas disponibles: 2016-17, 2017-18, 2018-19, 2019-20, 2020-21, 2021-22, 2022-23, 2023-24, 2024-25, 2025-26

Season        Train  Test  LogLoss   Brier     F1    Acc      ROI  1X2   DC
-------------------------------------------------------------------------------------
2020-21        1168   355   1.0312  0.2058 0.4368 50.70% +18.32%  105    9
2021-22        1523   359   0.9732  0.1921 0.4653 53.48% -10.19%   72    2
2022-23        1882   358   0.9701  0.1916 0.4804 55.31%  -0.50%   45    1
2023-24        2240   358   0.9466  0.1857 0.5076 58.10% -14.19%   56    2
2024-25        2598   361   0.9727  0.1928 0.4711 54.85% +38.91%   48    2
2025-26        2959   263   1.0270  0.2052 0.4207 50.19%  +9.94%   34    2
-------------------------------------------------------------------------------------
PROMEDIO                    0.9868  0.1955 0.4636 53.77%  +7.05%
STD                         0.0313  0.0074

   Log Loss consistente entre temporadas.

======================================================================
FASE 4: GENERANDO VISUALIZACIONES
======================================================================
   Guardado: C:\Users\LAP\Desktop\mi_predictor_pl\modelos\modelo_value_betting.png

======================================================================
FASE 5: GUARDANDO MODELO
======================================================================
   Modelo: C:\Users\LAP\Desktop\mi_predictor_pl\modelos\modelo_value_betting.pkl
   Features: C:\Users\LAP\Desktop\mi_predictor_pl\modelos\features_value_betting.pkl
   alpha_shrinkage: 1.00

======================================================================
ENTRENAMIENTO COMPLETADO
======================================================================

   Modelo guardado: Random Forest Balanceado (Sin Calibrar)

   Métricas primarias (calidad probabilística):
   Log Loss:    0.9921
   Brier Score: 0.1975
   ROI sim.:    +29.01%
   Apuestas:    116 1X2 + 21 DC = 137 total

   Métricas de referencia (clasificación):
   Accuracy:    53.02%
   F1-Score:    0.4888

   Archivos en C:\Users\LAP\Desktop\mi_predictor_pl\modelos\

   Para afinar hiperparámetros:
   1. Abre visualizar_busqueda.py
   2. Cambia MODO_SIN_CUOTAS = True
   3. Ejecuta el script y copia los valores a PARAMS_OPTIMOS_VB en config.py

