======================================================================
ENTRENAMIENTO MERCADO: CORNERS
======================================================================

🔧 Calculando xG rolling...
   ✅ xG rolling agregado: 733 partidos con datos históricos

🔧 Calculando features de posición en tabla...
   Procesando 7 temporadas...
   ✅ Features de tabla calculadas: 645 partidos con posición real

🔧 Features de forma/momentum agregadas: 15 columnas

 Calculando features de descanso / fatiga...
   Descanso: 734/762 partidos con datos reales (96.3%)
   Partidos con contexto europeo: 38 (5.0%)

🔧 Calculando features de arbitro...
   Arbitro: 37 arbitros distintos, 5 features calculadas
   Calculando Elo ratings...
   Elo: 28 equipos rastreados, rango [1440 - 1577]
   SoR: features agregadas (HT_SoR5 / AT_SoR5)

Modelo           LogLoss    Brier       F1      Acc      ROI
--------------------------------------------------------------
RF_Basico         0.6997   0.2529   0.6787  53.59%      N/A
RF_Balanceado     0.6916   0.2493   0.6699  54.90%      N/A
XGBoost           0.6929   0.2499   0.5746  49.67%      N/A

GANADOR: RF_Balanceado | LogLoss=0.6916 Brier=0.2493 ROI=N/A

Walk-forward:
Season      LogLoss    Brier       F1      Acc      ROI
----------------------------------------------------------
2020-21      0.7116   0.2593   0.5556  51.30%      N/A
2021-22      0.7152   0.2602   0.6098  50.77%      N/A
2022-23      0.7117   0.2585   0.6083  50.58%      N/A
2023-24      0.6968   0.2513   0.6512  53.42%      N/A
2024-25      0.7169   0.2617   0.6364  52.14%      N/A
2025-26      0.6125   0.2116   0.6957  61.11%      N/A
----------------------------------------------------------
PROMEDIO     0.6941   0.2504   0.6261  53.22%      N/A

Modelo guardado: C:\Users\LAP\Desktop\mi_predictor_pl\modelos\modelo_corners.pkl
Features guardadas: C:\Users\LAP\Desktop\mi_predictor_pl\modelos\features_corners.pkl (18)
