============================================================
  SCRAPER xG -- Understat.com -> Premier League
============================================================
  Temporada:   2025/26 (season label en CSV: 2026)
  Destino CSV: C:\Users\LAP\Desktop\mi_predictor_pl\datos\raw\final_matches_xg.csv
  Modo:        REAL (actualiza CSV)

[1/3] Descargando partidos de Understat...
   Descargando: https://understat.com/getLeagueData/EPL/2025
   Partidos en la temporada: 380
   Partidos jugados con xG:  296

[2/3] Transformando al formato del CSV historico...
   Filas generadas: 592  (296 partidos x 2 equipos)
   Equipos detectados (20): Arsenal, Aston Villa, Bournemouth, Brentford, Brighton, Burnley, Chelsea, Crystal Palace, Everton, Fulham, Leeds, Liverpool, Man City, Man United, Newcastle, Nott'm Forest, Sunderland, Tottenham, West Ham, Wolves

[3/3] Actualizando CSV...
   Eliminadas 542 filas previas de season=2026

   Resumen del CSV actualizado:
   Temporada       Filas
   ----------------------
   2017              760
   2018              760
   2019              760
   2020              760
   2021              760
   2022              760
   2023              760
   2024              760
   2025              760
   2026              592 <-- NUEVO
   ----------------------
   TOTAL            7432

   Backup guardado en: C:\Users\LAP\Desktop\mi_predictor_pl\datos\raw\final_matches_xg.csv.backup_scrape
   CSV guardado en:    C:\Users\LAP\Desktop\mi_predictor_pl\datos\raw\final_matches_xg.csv

Listo.
  Siguiente paso: ejecuta pipeline/01_preparar_datos.py para regenerar el dataset con los nuevos xG.
